<?xml version="1.0" encoding="UTF-8"?>
<!-- Generated by org.testng.reporters.JUnitReportReporter -->
<testsuite hostname="DESKTOP-LC4ND9L" failures="0" tests="1" name="testcases.CreditcardTest" time="0.001" errors="0" timestamp="13 May 2023 05:11:36 GMT" skipped="0">
  <testcase classname="testcases.CreditcardTest" name="test4" time="0.001"/>
</testsuite> <!-- testcases.CreditcardTest -->
